Determining if the pthread_create exist failed with the following output:
Change Dir: /home/robotlab/catkin_ws/build/kuka-lwr-ros/kuka_lwr/lwr_controllers/CMakeFiles/CMakeTmp

Run Build Command:"/usr/bin/make" "cmTC_719fb/fast"
/usr/bin/make -f CMakeFiles/cmTC_719fb.dir/build.make CMakeFiles/cmTC_719fb.dir/build
make[1]: Verzeichnis „/home/robotlab/catkin_ws/build/kuka-lwr-ros/kuka_lwr/lwr_controllers/CMakeFiles/CMakeTmp“ wird betreten
Building C object CMakeFiles/cmTC_719fb.dir/CheckSymbolExists.c.o
/usr/bin/cc     -o CMakeFiles/cmTC_719fb.dir/CheckSymbolExists.c.o   -c /home/robotlab/catkin_ws/build/kuka-lwr-ros/kuka_lwr/lwr_controllers/CMakeFiles/CMakeTmp/CheckSymbolExists.c
Linking C executable cmTC_719fb
/usr/bin/cmake -E cmake_link_script CMakeFiles/cmTC_719fb.dir/link.txt --verbose=1
/usr/bin/cc       CMakeFiles/cmTC_719fb.dir/CheckSymbolExists.c.o  -o cmTC_719fb -rdynamic 
CMakeFiles/cmTC_719fb.dir/CheckSymbolExists.c.o: In Funktion `main':
CheckSymbolExists.c:(.text+0x16): Nicht definierter Verweis auf `pthread_create'
collect2: error: ld returned 1 exit status
CMakeFiles/cmTC_719fb.dir/build.make:97: die Regel für Ziel „cmTC_719fb“ scheiterte
make[1]: *** [cmTC_719fb] Fehler 1
make[1]: Verzeichnis „/home/robotlab/catkin_ws/build/kuka-lwr-ros/kuka_lwr/lwr_controllers/CMakeFiles/CMakeTmp“ wird verlassen
Makefile:126: die Regel für Ziel „cmTC_719fb/fast“ scheiterte
make: *** [cmTC_719fb/fast] Fehler 2

File /home/robotlab/catkin_ws/build/kuka-lwr-ros/kuka_lwr/lwr_controllers/CMakeFiles/CMakeTmp/CheckSymbolExists.c:
/* */
#include <pthread.h>

int main(int argc, char** argv)
{
  (void)argv;
#ifndef pthread_create
  return ((int*)(&pthread_create))[argc];
#else
  (void)argc;
  return 0;
#endif
}

Determining if the function pthread_create exists in the pthreads failed with the following output:
Change Dir: /home/robotlab/catkin_ws/build/kuka-lwr-ros/kuka_lwr/lwr_controllers/CMakeFiles/CMakeTmp

Run Build Command:"/usr/bin/make" "cmTC_636a3/fast"
/usr/bin/make -f CMakeFiles/cmTC_636a3.dir/build.make CMakeFiles/cmTC_636a3.dir/build
make[1]: Verzeichnis „/home/robotlab/catkin_ws/build/kuka-lwr-ros/kuka_lwr/lwr_controllers/CMakeFiles/CMakeTmp“ wird betreten
Building C object CMakeFiles/cmTC_636a3.dir/CheckFunctionExists.c.o
/usr/bin/cc    -DCHECK_FUNCTION_EXISTS=pthread_create   -o CMakeFiles/cmTC_636a3.dir/CheckFunctionExists.c.o   -c /usr/share/cmake-3.5/Modules/CheckFunctionExists.c
Linking C executable cmTC_636a3
/usr/bin/cmake -E cmake_link_script CMakeFiles/cmTC_636a3.dir/link.txt --verbose=1
/usr/bin/cc   -DCHECK_FUNCTION_EXISTS=pthread_create    CMakeFiles/cmTC_636a3.dir/CheckFunctionExists.c.o  -o cmTC_636a3 -rdynamic -lpthreads 
/usr/bin/ld: cannot find -lpthreads
collect2: error: ld returned 1 exit status
CMakeFiles/cmTC_636a3.dir/build.make:97: die Regel für Ziel „cmTC_636a3“ scheiterte
make[1]: *** [cmTC_636a3] Fehler 1
make[1]: Verzeichnis „/home/robotlab/catkin_ws/build/kuka-lwr-ros/kuka_lwr/lwr_controllers/CMakeFiles/CMakeTmp“ wird verlassen
Makefile:126: die Regel für Ziel „cmTC_636a3/fast“ scheiterte
make: *** [cmTC_636a3/fast] Fehler 2


